Determining if the pthread_create exist failed with the following output:
Change Dir: /home/wanguanglu/work/ros_study/4.ros_bag/build/CMakeFiles/CMakeTmp

Run Build Command:/usr/bin/make "cmTryCompileExec390128673/fast"
/usr/bin/make -f CMakeFiles/cmTryCompileExec390128673.dir/build.make CMakeFiles/cmTryCompileExec390128673.dir/build
make[1]: Entering directory `/home/wanguanglu/work/ros_study/4.ros_bag/build/CMakeFiles/CMakeTmp'
/usr/bin/cmake -E cmake_progress_report /home/wanguanglu/work/ros_study/4.ros_bag/build/CMakeFiles/CMakeTmp/CMakeFiles 1
Building C object CMakeFiles/cmTryCompileExec390128673.dir/CheckSymbolExists.c.o
/usr/bin/cc    -o CMakeFiles/cmTryCompileExec390128673.dir/CheckSymbolExists.c.o   -c /home/wanguanglu/work/ros_study/4.ros_bag/build/CMakeFiles/CMakeTmp/CheckSymbolExists.c
Linking C executable cmTryCompileExec390128673
/usr/bin/cmake -E cmake_link_script CMakeFiles/cmTryCompileExec390128673.dir/link.txt --verbose=1
/usr/bin/cc       CMakeFiles/cmTryCompileExec390128673.dir/CheckSymbolExists.c.o  -o cmTryCompileExec390128673 -rdynamic 
CMakeFiles/cmTryCompileExec390128673.dir/CheckSymbolExists.c.o: In function `main':
CheckSymbolExists.c:(.text+0x16): undefined reference to `pthread_create'
collect2: error: ld returned 1 exit status
make[1]: Leaving directory `/home/wanguanglu/work/ros_study/4.ros_bag/build/CMakeFiles/CMakeTmp'
make[1]: *** [cmTryCompileExec390128673] Error 1
make: *** [cmTryCompileExec390128673/fast] Error 2

File /home/wanguanglu/work/ros_study/4.ros_bag/build/CMakeFiles/CMakeTmp/CheckSymbolExists.c:
/* */
#include <pthread.h>

int main(int argc, char** argv)
{
  (void)argv;
#ifndef pthread_create
  return ((int*)(&pthread_create))[argc];
#else
  (void)argc;
  return 0;
#endif
}

Determining if the function pthread_create exists in the pthreads failed with the following output:
Change Dir: /home/wanguanglu/work/ros_study/4.ros_bag/build/CMakeFiles/CMakeTmp

Run Build Command:/usr/bin/make "cmTryCompileExec1997534960/fast"
/usr/bin/make -f CMakeFiles/cmTryCompileExec1997534960.dir/build.make CMakeFiles/cmTryCompileExec1997534960.dir/build
make[1]: Entering directory `/home/wanguanglu/work/ros_study/4.ros_bag/build/CMakeFiles/CMakeTmp'
/usr/bin/cmake -E cmake_progress_report /home/wanguanglu/work/ros_study/4.ros_bag/build/CMakeFiles/CMakeTmp/CMakeFiles 1
Building C object CMakeFiles/cmTryCompileExec1997534960.dir/CheckFunctionExists.c.o
/usr/bin/cc   -DCHECK_FUNCTION_EXISTS=pthread_create   -o CMakeFiles/cmTryCompileExec1997534960.dir/CheckFunctionExists.c.o   -c /usr/share/cmake-2.8/Modules/CheckFunctionExists.c
Linking C executable cmTryCompileExec1997534960
/usr/bin/cmake -E cmake_link_script CMakeFiles/cmTryCompileExec1997534960.dir/link.txt --verbose=1
/usr/bin/cc   -DCHECK_FUNCTION_EXISTS=pthread_create    CMakeFiles/cmTryCompileExec1997534960.dir/CheckFunctionExists.c.o  -o cmTryCompileExec1997534960 -rdynamic -lpthreads 
/usr/bin/ld: cannot find -lpthreads
collect2: error: ld returned 1 exit status
make[1]: Leaving directory `/home/wanguanglu/work/ros_study/4.ros_bag/build/CMakeFiles/CMakeTmp'
make[1]: *** [cmTryCompileExec1997534960] Error 1
make: *** [cmTryCompileExec1997534960/fast] Error 2


